<<<<<<< HEAD
=======
<<<<<<< HEAD
=======
::1 - - [2022-11-09 08:58:27] "POST /api/v1/auth/login HTTP/1.1" STATUS:200 2184.579 ms "-" "PostmanRuntime/7.29.2"
::1 - - [2022-11-09 08:58:31] "GET /api/v1/article/index?page=1&limit=6&search HTTP/1.1" STATUS:200 180.970 ms "-" "PostmanRuntime/7.29.2"
::1 - - [2022-11-09 08:58:37] "GET /api/v1/article/6d3598e1-5d6c-4359-9dbc-25ae0f25c7bf HTTP/1.1" STATUS:200 14.078 ms "-" "PostmanRuntime/7.29.2"
::1 - - [2022-11-09 09:00:12] "GET /api/v1/article/6d3598e1-5d6c-4359-9dbc-25ae0f25c7bf HTTP/1.1" STATUS:200 245.102 ms "-" "PostmanRuntime/7.29.2"
::1 - - [2022-11-10 10:46:13] "GET /api/v1/assignment/session/921ffd80-54d7-11ed-bdc3-0242ac120002 HTTP/1.1" STATUS:409 2.472 ms "-" "PostmanRuntime/7.29.2"
::1 - - [2022-11-10 10:46:21] "POST /api/v1/auth/login HTTP/1.1" STATUS:200 2016.897 ms "-" "PostmanRuntime/7.29.2"
::1 - - [2022-11-10 10:46:24] "GET /api/v1/assignment/session/921ffd80-54d7-11ed-bdc3-0242ac120002 HTTP/1.1" STATUS:500 705.288 ms "-" "PostmanRuntime/7.29.2"
::1 - - [2022-11-10 10:46:45] "GET /api/v1/assignment/session/921ffd80-54d7-11ed-bdc3-0242ac120002 HTTP/1.1" STATUS:500 898.769 ms "-" "PostmanRuntime/7.29.2"
::1 - - [2022-11-10 10:47:53] "GET /api/v1/assignment/session/921ffd80-54d7-11ed-bdc3-0242ac120002 HTTP/1.1" STATUS:400 899.256 ms "-" "PostmanRuntime/7.29.2"
::1 - - [2022-11-10 14:44:56] "GET /api/v1/assignment/session/ae272183-ad0c-41d5-a1eb-308f75a13b5f HTTP/1.1" STATUS:400 634.931 ms "-" "PostmanRuntime/7.29.2"
::1 - - [2022-11-10 14:45:02] "POST /api/v1/auth/login HTTP/1.1" STATUS:200 2013.707 ms "-" "PostmanRuntime/7.29.2"
::1 - - [2022-11-10 14:45:03] "GET /api/v1/assignment/session/ae272183-ad0c-41d5-a1eb-308f75a13b5f HTTP/1.1" STATUS:500 130.817 ms "-" "PostmanRuntime/7.29.2"
::1 - - [2022-11-10 14:46:01] "GET /api/v1/assignment/session/ae272183-ad0c-41d5-a1eb-308f75a13b5f HTTP/1.1" STATUS:500 10108.735 ms "-" "PostmanRuntime/7.29.2"
::1 - - [2022-11-10 14:46:21] "GET /api/v1/assignment/session/ae272183-ad0c-41d5-a1eb-308f75a13b5f HTTP/1.1" STATUS:200 843.691 ms "-" "PostmanRuntime/7.29.2"
::1 - - [2022-11-10 14:46:51] "GET /api/v1/assignment/session/ae272183-ad0c-41d5-a1eb-308f75a13b5f HTTP/1.1" STATUS:200 1047.997 ms "-" "PostmanRuntime/7.29.2"
::1 - - [2022-11-10 14:47:00] "GET /api/v1/assignment/session/ae272183-ad0c-41d5-a1eb-308f75a13b5f HTTP/1.1" STATUS:200 66.307 ms "-" "PostmanRuntime/7.29.2"
::1 - - [2022-11-10 14:47:01] "GET /api/v1/assignment/session/ae272183-ad0c-41d5-a1eb-308f75a13b5f HTTP/1.1" STATUS:200 56.364 ms "-" "PostmanRuntime/7.29.2"
::1 - - [2022-11-10 14:47:02] "GET /api/v1/assignment/session/ae272183-ad0c-41d5-a1eb-308f75a13b5f HTTP/1.1" STATUS:200 47.161 ms "-" "PostmanRuntime/7.29.2"
::1 - - [2022-11-10 14:47:06] "GET /api/v1/assignment/session/ae272183-ad0c-41d5-a1eb-308f75a13b5f HTTP/1.1" STATUS:200 147.686 ms "-" "PostmanRuntime/7.29.2"
::1 - - [2022-11-10 14:47:20] "GET /api/v1/assignment/session/ae272183-ad0c-41d5-a1eb-308f75a13b5f HTTP/1.1" STATUS:200 508.047 ms "-" "PostmanRuntime/7.29.2"
::1 - - [2022-11-10 14:47:41] "GET /api/v1/assignment/session/ae272183-ad0c-41d5-a1eb-308f75a13b5f HTTP/1.1" STATUS:200 204.089 ms "-" "PostmanRuntime/7.29.2"
::1 - - [2022-11-10 14:48:04] "GET /api/v1/assignment/session/ae272183-ad0c-41d5-a1eb-308f75a13b5f HTTP/1.1" STATUS:200 219.880 ms "-" "PostmanRuntime/7.29.2"
::1 - - [2022-11-10 14:48:11] "GET /api/v1/assignment/session/ae272183-ad0c-41d5-a1eb-308f75a13b5f HTTP/1.1" STATUS:200 60.367 ms "-" "PostmanRuntime/7.29.2"
::1 - - [2022-11-11 10:26:56] "POST /api/v1/auth/login HTTP/1.1" STATUS:200 2884.298 ms "-" "PostmanRuntime/7.29.2"
::1 - - [2022-11-11 10:27:04] "PUT /api/v1/profile/me HTTP/1.1" STATUS:200 1027.856 ms "-" "PostmanRuntime/7.29.2"
::1 - - [2022-11-11 10:27:21] "GET /api/v1/profile/me HTTP/1.1" STATUS:200 1157.230 ms "-" "PostmanRuntime/7.29.2"
::1 - - [2022-11-11 10:11:02] "POST /api/v1/auth/login HTTP/1.1" STATUS:200 3135.842 ms "-" "PostmanRuntime/7.29.2"
::1 - - [2022-11-11 10:12:42] "GET /api/v1/assignment/submissiondata HTTP/1.1" STATUS:200 958.251 ms "-" "PostmanRuntime/7.29.2"
::1 - - [2022-11-11 10:15:05] "GET /api/v1/assignment/submissiondata HTTP/1.1" STATUS:500 1703.370 ms "-" "PostmanRuntime/7.29.2"
::1 - - [2022-11-11 10:16:01] "GET /api/v1/assignment/submissiondata HTTP/1.1" STATUS:500 1005.196 ms "-" "PostmanRuntime/7.29.2"
::1 - - [2022-11-11 10:16:16] "GET /api/v1/assignment/submissiondata HTTP/1.1" STATUS:200 932.204 ms "-" "PostmanRuntime/7.29.2"
::1 - - [2022-11-11 10:20:11] "GET /api/v1/assignment/submissiondata HTTP/1.1" STATUS:200 977.655 ms "-" "PostmanRuntime/7.29.2"
::1 - - [2022-11-11 10:21:34] "GET /api/v1/assignment/submissiondata HTTP/1.1" STATUS:200 1185.418 ms "-" "PostmanRuntime/7.29.2"
::1 - - [2022-11-11 10:30:45] "GET /api/v1/assignment/submissiondata HTTP/1.1" STATUS:500 1245.284 ms "-" "PostmanRuntime/7.29.2"
::1 - - [2022-11-11 10:31:11] "GET /api/v1/assignment/submissiondata HTTP/1.1" STATUS:200 981.078 ms "-" "PostmanRuntime/7.29.2"
::1 - - [2022-11-11 10:31:25] "GET /api/v1/assignment/submissiondata HTTP/1.1" STATUS:200 1102.215 ms "-" "PostmanRuntime/7.29.2"
::1 - - [2022-11-11 10:31:39] "GET /api/v1/assignment/submissiondata HTTP/1.1" STATUS:500 981.668 ms "-" "PostmanRuntime/7.29.2"
::1 - - [2022-11-11 10:31:57] "GET /api/v1/assignment/submissiondata HTTP/1.1" STATUS:500 977.689 ms "-" "PostmanRuntime/7.29.2"
::1 - - [2022-11-11 10:32:23] "GET /api/v1/assignment/submissiondata HTTP/1.1" STATUS:500 969.789 ms "-" "PostmanRuntime/7.29.2"
::1 - - [2022-11-11 10:32:36] "GET /api/v1/assignment/submissiondata HTTP/1.1" STATUS:500 956.252 ms "-" "PostmanRuntime/7.29.2"
::1 - - [2022-11-11 10:34:25] "GET /api/v1/assignment/submissiondata HTTP/1.1" STATUS:200 1356.089 ms "-" "PostmanRuntime/7.29.2"
::1 - - [2022-11-11 10:34:55] "GET /api/v1/assignment/submissiondata HTTP/1.1" STATUS:200 1899.617 ms "-" "PostmanRuntime/7.29.2"
::1 - - [2022-11-11 10:36:43] "GET /api/v1/assignment/submissiondata HTTP/1.1" STATUS:200 966.760 ms "-" "PostmanRuntime/7.29.2"
::1 - - [2022-11-11 10:43:33] "GET /api/v1/assignment/submissiondata HTTP/1.1" STATUS:200 990.043 ms "-" "PostmanRuntime/7.29.2"
::1 - - [2022-11-11 10:43:58] "GET /api/v1/assignment/submissiondata HTTP/1.1" STATUS:200 1162.117 ms "-" "PostmanRuntime/7.29.2"
::1 - - [2022-11-11 10:45:33] "GET /api/v1/assignment/submissiondata HTTP/1.1" STATUS:200 1028.340 ms "-" "PostmanRuntime/7.29.2"
::1 - - [2022-11-11 10:46:14] "GET /api/v1/assignment/submissiondata HTTP/1.1" STATUS:200 1199.968 ms "-" "PostmanRuntime/7.29.2"
::1 - - [2022-11-11 10:47:24] "GET /api/v1/assignment/submissiondata HTTP/1.1" STATUS:200 1734.503 ms "-" "PostmanRuntime/7.29.2"
::1 - - [2022-11-11 10:50:30] "GET /api/v1/assignment/submissiondata HTTP/1.1" STATUS:200 1083.467 ms "-" "PostmanRuntime/7.29.2"
::1 - - [2022-11-11 10:51:01] "GET /api/v1/assignment/submissiondata HTTP/1.1" STATUS:500 986.536 ms "-" "PostmanRuntime/7.29.2"
::1 - - [2022-11-11 10:51:27] "GET /api/v1/assignment/submissiondata HTTP/1.1" STATUS:200 959.008 ms "-" "PostmanRuntime/7.29.2"
::1 - - [2022-11-11 10:51:42] "GET /api/v1/assignment/submissiondata HTTP/1.1" STATUS:200 974.112 ms "-" "PostmanRuntime/7.29.2"
::1 - - [2022-11-11 10:54:06] "GET /api/v1/assignment/submissiondata HTTP/1.1" STATUS:500 972.616 ms "-" "PostmanRuntime/7.29.2"
::1 - - [2022-11-11 10:54:20] "GET /api/v1/assignment/submissiondata HTTP/1.1" STATUS:200 948.498 ms "-" "PostmanRuntime/7.29.2"
>>>>>>> Stashed changes
=======
::1 - - [2022-11-11 10:36:13] "POST /api/v1/auth/login HTTP/1.1" STATUS:200 2058.217 ms "-" "PostmanRuntime/7.29.2"
::1 - - [2022-11-11 10:36:35] "GET /api/v1/forum/discussionforum/allcontent/59413712-aa7d-4534-8067-aa146ca9208d HTTP/1.1" STATUS:200 743.808 ms "-" "PostmanRuntime/7.29.2"
::1 - - [2022-11-11 10:42:12] "GET /api/v1/forum/discussionforum/allcontent/59413712-aa7d-4534-8067-aa146ca9208d HTTP/1.1" STATUS:200 1192.558 ms "-" "PostmanRuntime/7.29.2"
::1 - - [2022-11-11 10:48:24] "GET /api/v1/forum/discussionforum/allcontent/59413712-aa7d-4534-8067-aa146ca9208d HTTP/1.1" STATUS:200 893.046 ms "-" "PostmanRuntime/7.29.2"
>>>>>>> Stashed changes
::1 - - [2022-11-11 14:47:57] "GET /api/v1/article/index?page=1&limit=50&search=stasd HTTP/1.1" STATUS:200 504.590 ms "-" "PostmanRuntime/7.29.2"
::1 - - [2022-11-11 14:49:22] "GET /api/v1/article/index?page=1&limit=50&search=a HTTP/1.1" STATUS:200 23.513 ms "-" "PostmanRuntime/7.29.2"
<<<<<<< Updated upstream
::1 - - [2022-11-14 11:21:16] "POST /api/v1/auth/login HTTP/1.1" STATUS:200 6213.745 ms "-" "PostmanRuntime/7.29.2"
::1 - - [2022-11-14 11:21:24] "GET /api/v1/certificate?page=2&limit=2 HTTP/1.1" STATUS:200 600.758 ms "-" "PostmanRuntime/7.29.2"
::1 - - [2022-11-14 11:22:35] "POST /api/v1/auth/login HTTP/1.1" STATUS:400 754.968 ms "-" "PostmanRuntime/7.29.2"
::1 - - [2022-11-14 11:22:42] "POST /api/v1/auth/login HTTP/1.1" STATUS:200 1394.926 ms "-" "PostmanRuntime/7.29.2"
::1 - - [2022-11-14 11:22:50] "GET /api/v1/certificate?page=2&limit=2 HTTP/1.1" STATUS:200 272.905 ms "-" "PostmanRuntime/7.29.2"
::1 - - [2022-11-14 11:22:57] "GET /api/v1/certificate HTTP/1.1" STATUS:200 124.986 ms "-" "PostmanRuntime/7.29.2"
::1 - - [2022-11-14 11:23:25] "GET /api/v1/certificate?page=2&limit=a HTTP/1.1" STATUS:200 4767.055 ms "-" "PostmanRuntime/7.29.2"
::1 - - [2022-11-14 11:23:45] "GET /api/v1/certificate?page=b&limit=a HTTP/1.1" STATUS:200 1312.046 ms "-" "PostmanRuntime/7.29.2"
::1 - - [2022-11-14 11:23:51] "GET /api/v1/certificate?page=b&limit=wqeq HTTP/1.1" STATUS:200 1175.793 ms "-" "PostmanRuntime/7.29.2"
::1 - - [2022-11-14 11:24:02] "GET /api/v1/certificate HTTP/1.1" STATUS:200 2193.969 ms "-" "PostmanRuntime/7.29.2"
::1 - - [2022-11-14 11:34:36] "GET /api/v1/certificate?page=b&limit=wqeq HTTP/1.1" STATUS:200 2971.325 ms "-" "PostmanRuntime/7.29.2"
::1 - - [2022-11-14 11:34:49] "GET /api/v1/certificate?page=b&limit=wqeq HTTP/1.1" STATUS:404 2225.132 ms "-" "PostmanRuntime/7.29.2"
::1 - - [2022-11-14 11:35:27] "GET /api/v1/certificate?page=1&limit=1 HTTP/1.1" STATUS:200 3691.617 ms "-" "PostmanRuntime/7.29.2"
::1 - - [2022-11-14 11:35:48] "GET /api/v1/certificate?page=1&limit=2 HTTP/1.1" STATUS:200 923.520 ms "-" "PostmanRuntime/7.29.2"
::1 - - [2022-11-14 11:35:54] "GET /api/v1/certificate?page=2&limit=2 HTTP/1.1" STATUS:200 126.610 ms "-" "PostmanRuntime/7.29.2"
::1 - - [2022-11-14 11:35:58] "GET /api/v1/certificate?page=12&limit=2 HTTP/1.1" STATUS:200 131.291 ms "-" "PostmanRuntime/7.29.2"
::1 - - [2022-11-14 11:37:12] "POST /api/v1/certificate/subject HTTP/1.1" STATUS:500 1784.510 ms "-" "PostmanRuntime/7.29.2"
::1 - - [2022-11-14 15:23:20] "POST /api/v1/certificate/subject HTTP/1.1" STATUS:- - ms "-" "PostmanRuntime/7.29.2"
::1 - - [2022-11-14 15:24:10] "GET /api/v1/certificate?page=2&limit=2 HTTP/1.1" STATUS:400 8.402 ms "-" "PostmanRuntime/7.29.2"
::1 - - [2022-11-14 15:24:22] "POST /api/v1/auth/login HTTP/1.1" STATUS:200 5837.268 ms "-" "PostmanRuntime/7.29.2"
::1 - - [2022-11-14 15:24:39] "GET /api/v1/certificate?page=2&limit=2 HTTP/1.1" STATUS:200 485.930 ms "-" "PostmanRuntime/7.29.2"
::1 - - [2022-11-14 15:24:47] "GET /api/v1/certificate HTTP/1.1" STATUS:404 183.635 ms "-" "PostmanRuntime/7.29.2"
::1 - - [2022-11-14 15:25:53] "GET /api/v1/certificate HTTP/1.1" STATUS:500 1136.521 ms "-" "PostmanRuntime/7.29.2"
::1 - - [2022-11-14 15:27:33] "GET /api/v1/certificate HTTP/1.1" STATUS:200 1169.965 ms "-" "PostmanRuntime/7.29.2"
::1 - - [2022-11-14 15:28:28] "GET /api/v1/certificate HTTP/1.1" STATUS:200 1169.374 ms "-" "PostmanRuntime/7.29.2"
::1 - - [2022-11-14 15:33:46] "GET /api/v1/certificate HTTP/1.1" STATUS:200 422.397 ms "-" "PostmanRuntime/7.29.2"
::1 - - [2022-11-14 15:34:19] "GET /api/v1/certificate HTTP/1.1" STATUS:200 996.952 ms "-" "PostmanRuntime/7.29.2"
::1 - - [2022-11-14 15:34:43] "GET /api/v1/certificate HTTP/1.1" STATUS:200 1226.396 ms "-" "PostmanRuntime/7.29.2"
::1 - - [2022-11-14 15:35:32] "GET /api/v1/certificate HTTP/1.1" STATUS:200 2171.236 ms "-" "PostmanRuntime/7.29.2"
::1 - - [2022-11-14 15:35:59] "GET /api/v1/certificate HTTP/1.1" STATUS:200 993.899 ms "-" "PostmanRuntime/7.29.2"
::1 - - [2022-11-14 15:36:21] "GET /api/v1/certificate HTTP/1.1" STATUS:200 1198.300 ms "-" "PostmanRuntime/7.29.2"
::1 - - [2022-11-15 10:52:05] "GET /api/v1/module/b992aaec-23de-4e86-82c4-bc521a654abb HTTP/1.1" STATUS:200 2422.610 ms "-" "PostmanRuntime/7.29.2"
::1 - - [2022-11-17 11:25:11] "POST /api/v1/auth/login HTTP/1.1" STATUS:200 5629.396 ms "-" "PostmanRuntime/7.29.2"
::1 - - [2022-11-17 11:25:43] "GET /api/v1/session/getfromsub/e50aa8e0-49f8-11ed-b878-0242ac120011 HTTP/1.1" STATUS:200 1134.277 ms "-" "PostmanRuntime/7.29.2"
::1 - - [2022-11-17 11:28:38] "GET /api/v1/session/getfromsub/e50aa8e0-49f8-11ed-b878-0242ac120011 HTTP/1.1" STATUS:200 1113.009 ms "-" "PostmanRuntime/7.29.2"
::1 - - [2022-11-17 11:32:56] "GET /api/v1/session/getfromsub/e50aa8e0-49f8-11ed-b878-0242ac120011 HTTP/1.1" STATUS:200 3829.689 ms "-" "PostmanRuntime/7.29.2"
::1 - - [2022-11-17 11:33:34] "GET /api/v1/session/getfromsub/e50aa8e0-49f8-11ed-b878-0242ac120011 HTTP/1.1" STATUS:200 1275.952 ms "-" "PostmanRuntime/7.29.2"
::1 - - [2022-11-17 11:35:44] "GET /api/v1/session/getfromsub/e50aa8e0-49f8-11ed-b878-0242ac120011 HTTP/1.1" STATUS:200 39639.733 ms "-" "PostmanRuntime/7.29.2"
::1 - - [2022-11-17 11:38:22] "GET /api/v1/session/getfromsub/e50aa8e0-49f8-11ed-b878-0242ac120011 HTTP/1.1" STATUS:200 1482.072 ms "-" "PostmanRuntime/7.29.2"
::1 - - [2022-11-17 11:41:45] "GET /api/v1/session/getfromsub/e50aa8e0-49f8-11ed-b878-0242ac120011 HTTP/1.1" STATUS:200 1042.950 ms "-" "PostmanRuntime/7.29.2"
::1 - - [2022-11-17 11:43:55] "GET /api/v1/session/getfromsub/e50aa8e0-49f8-11ed-b878-0242ac120011 HTTP/1.1" STATUS:200 1080.518 ms "-" "PostmanRuntime/7.29.2"
::1 - - [2022-11-17 11:44:35] "GET /api/v1/session/getfromsub/e50aa8e0-49f8-11ed-b878-0242ac120011 HTTP/1.1" STATUS:200 1118.198 ms "-" "PostmanRuntime/7.29.2"
::1 - - [2022-11-17 11:45:27] "GET /api/v1/session/getfromsub/e50aa8e0-49f8-11ed-b878-0242ac120011 HTTP/1.1" STATUS:200 1000.269 ms "-" "PostmanRuntime/7.29.2"
::1 - - [2022-11-17 11:47:02] "GET /api/v1/session/getfromsub/e50aa8e0-49f8-11ed-b878-0242ac120011 HTTP/1.1" STATUS:200 1192.497 ms "-" "PostmanRuntime/7.29.2"
::1 - - [2022-11-17 11:48:03] "GET /api/v1/session/getfromsub/e50aa8e0-49f8-11ed-b878-0242ac120011 HTTP/1.1" STATUS:200 1114.560 ms "-" "PostmanRuntime/7.29.2"
::1 - - [2022-11-17 11:51:20] "GET /api/v1/session/getfromsub/e50aa8e0-49f8-11ed-b878-0242ac120011 HTTP/1.1" STATUS:200 1221.001 ms "-" "PostmanRuntime/7.29.2"
::1 - - [2022-11-17 12:00:44] "GET /api/v1/session/getfromsub/e50aa8e0-49f8-11ed-b878-0242ac120011 HTTP/1.1" STATUS:200 216.544 ms "-" "PostmanRuntime/7.29.2"
>>>>>>> 3e8a537f2b336a0da127f63717f6ad19b2f2ba5d
::1 - - [2022-11-17 16:37:10] "POST /api/v1/auth/login HTTP/1.1" STATUS:200 4205.996 ms "-" "PostmanRuntime/7.29.2"
::1 - - [2022-11-17 16:39:03] "GET /api/v1/notification/get HTTP/1.1" STATUS:404 4.394 ms "-" "PostmanRuntime/7.29.2"
::1 - - [2022-11-17 16:39:05] "GET /api/v1/notification/get HTTP/1.1" STATUS:404 1.541 ms "-" "PostmanRuntime/7.29.2"
::1 - - [2022-11-17 16:39:55] "GET /api/v1/notification/get HTTP/1.1" STATUS:500 2436.341 ms "-" "PostmanRuntime/7.29.2"
::1 - - [2022-11-17 16:40:17] "GET /api/v1/notification/get HTTP/1.1" STATUS:500 1192.804 ms "-" "PostmanRuntime/7.29.2"
::1 - - [2022-11-17 16:41:26] "GET /api/v1/notification/get HTTP/1.1" STATUS:500 1083.659 ms "-" "PostmanRuntime/7.29.2"
::1 - - [2022-11-17 16:41:57] "GET /api/v1/notification/get HTTP/1.1" STATUS:500 1037.751 ms "-" "PostmanRuntime/7.29.2"
::1 - - [2022-11-17 16:42:24] "GET /api/v1/notification/get HTTP/1.1" STATUS:500 934.157 ms "-" "PostmanRuntime/7.29.2"
::1 - - [2022-11-17 16:42:53] "GET /api/v1/notification/get HTTP/1.1" STATUS:500 1759.461 ms "-" "PostmanRuntime/7.29.2"
::1 - - [2022-11-17 16:45:37] "GET /api/v1/notification/get HTTP/1.1" STATUS:200 1245.770 ms "-" "PostmanRuntime/7.29.2"
::1 - - [2022-11-17 16:49:26] "POST /api/v1/notification/post HTTP/1.1" STATUS:500 870.488 ms "-" "PostmanRuntime/7.29.2"
::1 - - [2022-11-17 16:49:36] "POST /api/v1/notification/post HTTP/1.1" STATUS:500 951.043 ms "-" "PostmanRuntime/7.29.2"
::1 - - [2022-11-17 16:50:21] "POST /api/v1/notification/post HTTP/1.1" STATUS:200 820.817 ms "-" "PostmanRuntime/7.29.2"
::1 - - [2022-11-17 16:50:34] "POST /api/v1/notification/post HTTP/1.1" STATUS:200 727.161 ms "-" "PostmanRuntime/7.29.2"
::1 - - [2022-11-17 16:50:46] "GET /api/v1/notification/get HTTP/1.1" STATUS:200 93.193 ms "-" "PostmanRuntime/7.29.2"
::1 - - [2022-11-17 16:51:43] "PUT /api/v1/notification/read HTTP/1.1" STATUS:500 81.789 ms "-" "PostmanRuntime/7.29.2"
::1 - - [2022-11-17 16:51:50] "PUT /api/v1/notification/read HTTP/1.1" STATUS:500 858.825 ms "-" "PostmanRuntime/7.29.2"
::1 - - [2022-11-17 16:52:01] "PUT /api/v1/notification/read HTTP/1.1" STATUS:200 1060.411 ms "-" "PostmanRuntime/7.29.2"
::1 - - [2022-11-17 16:53:06] "PUT /api/v1/notification/read HTTP/1.1" STATUS:200 906.563 ms "-" "PostmanRuntime/7.29.2"
::1 - - [2022-11-17 16:53:22] "PUT /api/v1/notification/read HTTP/1.1" STATUS:200 915.475 ms "-" "PostmanRuntime/7.29.2"
::1 - - [2022-11-17 16:53:33] "PUT /api/v1/notification/read HTTP/1.1" STATUS:200 856.944 ms "-" "PostmanRuntime/7.29.2"
::1 - - [2022-11-17 16:54:03] "PUT /api/v1/notification/read HTTP/1.1" STATUS:200 870.955 ms "-" "PostmanRuntime/7.29.2"
::1 - - [2022-11-22 12:16:18] "POST /api/v1/auth/login HTTP/1.1" STATUS:200 6432.529 ms "-" "PostmanRuntime/7.29.2"
::1 - - [2022-11-22 12:16:29] "GET /api/v1/session/0a490674-b763-44bf-b9ca-9e6921f0729f HTTP/1.1" STATUS:404 968.096 ms "-" "PostmanRuntime/7.29.2"
::1 - - [2022-11-22 12:16:36] "GET /api/v1/session/getfromsub/e50aa8e0-49f8-11ed-b878-0242ac120011 HTTP/1.1" STATUS:500 184.012 ms "-" "PostmanRuntime/7.29.2"
::1 - - [2022-11-22 12:16:39] "GET /api/v1/session/getfromsub/e50aa8e0-49f8-11ed-b878-0242ac120011 HTTP/1.1" STATUS:500 182.422 ms "-" "PostmanRuntime/7.29.2"
::1 - - [2022-11-22 12:18:01] "GET /api/v1/session/getfromsub/e50aa8e0-49f8-11ed-b878-0242ac120011 HTTP/1.1" STATUS:500 1007.386 ms "-" "PostmanRuntime/7.29.2"
::1 - - [2022-11-22 12:22:45] "GET /api/v1/session/getfromsub/e50aa8e0-49f8-11ed-b878-0242ac120011 HTTP/1.1" STATUS:200 1127.117 ms "-" "PostmanRuntime/7.29.2"
::1 - - [2022-11-22 12:24:23] "GET /api/v1/session/getfromsub/e50aa8e0-49f8-11ed-b878-0242ac120011 HTTP/1.1" STATUS:200 1232.373 ms "-" "PostmanRuntime/7.29.2"
::1 - - [2022-11-22 12:25:29] "GET /api/v1/session/getfromsub/e50aa8e0-49f8-11ed-b878-0242ac120011 HTTP/1.1" STATUS:200 1884.301 ms "-" "PostmanRuntime/7.29.2"
::1 - - [2022-11-22 12:36:34] "GET /api/v1/session/getfromsub/e50aa8e0-49f8-11ed-b878-0242ac120011 HTTP/1.1" STATUS:200 1094.688 ms "-" "PostmanRuntime/7.29.2"
::1 - - [2022-11-22 12:38:58] "GET /api/v1/session/getfromsub/e50aa8e0-49f8-11ed-b878-0242ac120011 HTTP/1.1" STATUS:200 964.447 ms "-" "PostmanRuntime/7.29.2"
::1 - - [2022-11-22 12:39:15] "GET /api/v1/session/getfromsub/e50aa8e0-49f8-11ed-b878-0242ac120011 HTTP/1.1" STATUS:200 1075.346 ms "-" "PostmanRuntime/7.29.2"
::1 - - [2022-11-22 12:40:24] "GET /api/v1/session/getfromsub/e50aa8e0-49f8-11ed-b878-0242ac120011 HTTP/1.1" STATUS:200 970.186 ms "-" "PostmanRuntime/7.29.2"
::1 - - [2022-11-22 12:41:07] "GET /api/v1/session/getfromsub/e50aa8e0-49f8-11ed-b878-0242ac120011 HTTP/1.1" STATUS:200 1025.275 ms "-" "PostmanRuntime/7.29.2"
::1 - - [2022-11-22 12:41:36] "GET /api/v1/session/getfromsub/e50aa8e0-49f8-11ed-b878-0242ac120011 HTTP/1.1" STATUS:200 1049.943 ms "-" "PostmanRuntime/7.29.2"
::1 - - [2022-11-22 14:48:10] "POST /api/v1/auth/login HTTP/1.1" STATUS:200 5334.366 ms "-" "PostmanRuntime/7.29.2"
::1 - - [2022-11-22 14:48:17] "POST /api/v1/subject/uploadkhs/f8b7c80e-3fd1-11ed-b878-0242ac120032 HTTP/1.1" STATUS:404 912.468 ms "-" "PostmanRuntime/7.29.2"
::1 - - [2022-11-22 14:49:22] "POST /api/v1/subject/uploadkhs/f8b7c80e-3fd1-11ed-b878-0242ac120032 HTTP/1.1" STATUS:404 197.522 ms "-" "PostmanRuntime/7.29.2"
::1 - - [2022-11-22 14:50:57] "POST /api/v1/subject/uploadkhs/e50aa8e0-49f8-11ed-b878-0242ac120039 HTTP/1.1" STATUS:400 3590.264 ms "-" "PostmanRuntime/7.29.2"
::1 - - [2022-11-22 14:51:26] "POST /api/v1/auth/login HTTP/1.1" STATUS:200 1739.317 ms "-" "PostmanRuntime/7.29.2"
::1 - - [2022-11-22 14:51:33] "POST /api/v1/subject/uploadkhs/f8b7c80e-3fd1-11ed-b878-0242ac120032 HTTP/1.1" STATUS:404 99.365 ms "-" "PostmanRuntime/7.29.2"
::1 - - [2022-11-22 14:52:35] "POST /api/v1/subject/uploadkhs/f8b7c80e-3fd1-11ed-b878-0242ac120032 HTTP/1.1" STATUS:404 214.471 ms "-" "PostmanRuntime/7.29.2"
::1 - - [2022-11-22 14:52:40] "POST /api/v1/auth/login HTTP/1.1" STATUS:200 1597.405 ms "-" "PostmanRuntime/7.29.2"
::1 - - [2022-11-22 14:52:42] "POST /api/v1/subject/uploadkhs/f8b7c80e-3fd1-11ed-b878-0242ac120032 HTTP/1.1" STATUS:404 40.168 ms "-" "PostmanRuntime/7.29.2"
::1 - - [2022-11-22 14:53:26] "POST /api/v1/subject/uploadkhs/e50aa8e0-49f8-11ed-b878-0242ac120023 HTTP/1.1" STATUS:404 177.190 ms "-" "PostmanRuntime/7.29.2"
::1 - - [2022-11-22 14:53:43] "POST /api/v1/subject/uploadkhs/bbb188ce-58d5-11ed-9b6a-0242ac120013 HTTP/1.1" STATUS:404 175.341 ms "-" "PostmanRuntime/7.29.2"
::1 - - [2022-11-22 14:54:00] "POST /api/v1/auth/login HTTP/1.1" STATUS:200 1834.475 ms "-" "PostmanRuntime/7.29.2"
::1 - - [2022-11-22 14:54:06] "POST /api/v1/subject/uploadkhs/f8b7c80e-3fd1-11ed-b878-0242ac120032 HTTP/1.1" STATUS:404 113.748 ms "-" "PostmanRuntime/7.29.2"
::1 - - [2022-11-22 14:56:54] "POST /api/v1/subject/uploadkhs/f8b7c80e-3fd1-11ed-b878-0242ac120032 HTTP/1.1" STATUS:404 1049.689 ms "-" "PostmanRuntime/7.29.2"
::1 - - [2022-11-22 14:59:42] "POST /api/v1/subject/uploadkhs/f8b7c80e-3fd1-11ed-b878-0242ac120032 HTTP/1.1" STATUS:404 1025.862 ms "-" "PostmanRuntime/7.29.2"
::1 - - [2022-11-22 15:01:48] "POST /api/v1/subject/uploadkhs/f8b7c80e-3fd1-11ed-b878-0242ac120032 HTTP/1.1" STATUS:500 1081.026 ms "-" "PostmanRuntime/7.29.2"
::1 - - [2022-11-22 15:02:00] "POST /api/v1/subject/uploadkhs/f8b7c80e-3fd1-11ed-b878-0242ac120032 HTTP/1.1" STATUS:500 1010.476 ms "-" "PostmanRuntime/7.29.2"
::1 - - [2022-11-22 15:02:40] "POST /api/v1/subject/uploadkhs/f8b7c80e-3fd1-11ed-b878-0242ac120032 HTTP/1.1" STATUS:400 1289.027 ms "-" "PostmanRuntime/7.29.2"
::1 - - [2022-11-22 15:02:47] "POST /api/v1/subject/uploadkhs/f8b7c80e-3fd1-11ed-b878-0242ac120032 HTTP/1.1" STATUS:404 1000.956 ms "-" "PostmanRuntime/7.29.2"
::1 - - [2022-11-22 15:03:20] "POST /api/v1/subject/uploadkhs/f8b7c80e-3fd1-11ed-b878-0242ac120032 HTTP/1.1" STATUS:400 1251.460 ms "-" "PostmanRuntime/7.29.2"
::1 - - [2022-11-22 15:03:40] "POST /api/v1/subject/uploadkhs/f8b7c80e-3fd1-11ed-b878-0242ac120032 HTTP/1.1" STATUS:400 1392.064 ms "-" "PostmanRuntime/7.29.2"
::1 - - [2022-11-22 15:07:35] "POST /api/v1/subject/uploadkhs/f8b7c80e-3fd1-11ed-b878-0242ac120032 HTTP/1.1" STATUS:404 1418.341 ms "-" "PostmanRuntime/7.29.2"
::1 - - [2022-11-22 15:09:14] "POST /api/v1/subject/uploadkhs/f8b7c80e-3fd1-11ed-b878-0242ac120032 HTTP/1.1" STATUS:- - ms "-" "PostmanRuntime/7.29.2"
::1 - - [2022-11-22 15:09:23] "POST /api/v1/subject/uploadkhs/f8b7c80e-3fd1-11ed-b878-0242ac120032 HTTP/1.1" STATUS:404 957.842 ms "-" "PostmanRuntime/7.29.2"
::1 - - [2022-11-22 15:10:56] "POST /api/v1/subject/uploadkhs/f8b7c80e-3fd1-11ed-b878-0242ac120032 HTTP/1.1" STATUS:400 1274.801 ms "-" "PostmanRuntime/7.29.2"
::1 - - [2022-11-22 15:11:41] "POST /api/v1/subject/uploadkhs/f8b7c80e-3fd1-11ed-b878-0242ac120032 HTTP/1.1" STATUS:400 1194.969 ms "-" "PostmanRuntime/7.29.2"
::1 - - [2022-11-22 15:12:21] "POST /api/v1/subject/uploadkhs/f8b7c80e-3fd1-11ed-b878-0242ac120032 HTTP/1.1" STATUS:400 1123.699 ms "-" "PostmanRuntime/7.29.2"
::1 - - [2022-11-22 15:12:41] "POST /api/v1/subject/uploadkhs/f8b7c80e-3fd1-11ed-b878-0242ac120032 HTTP/1.1" STATUS:400 1169.265 ms "-" "PostmanRuntime/7.29.2"
::1 - - [2022-11-22 15:13:40] "POST /api/v1/subject/uploadkhs/f8b7c80e-3fd1-11ed-b878-0242ac120032 HTTP/1.1" STATUS:400 1229.460 ms "-" "PostmanRuntime/7.29.2"
::1 - - [2022-11-22 15:16:52] "POST /api/v1/subject/uploadkhs/f8b7c80e-3fd1-11ed-b878-0242ac120032 HTTP/1.1" STATUS:500 1465.129 ms "-" "PostmanRuntime/7.29.2"
::1 - - [2022-11-22 15:17:06] "POST /api/v1/subject/uploadkhs/f8b7c80e-3fd1-11ed-b878-0242ac120032 HTTP/1.1" STATUS:404 1130.569 ms "-" "PostmanRuntime/7.29.2"
::1 - - [2022-11-22 15:18:03] "POST /api/v1/subject/uploadkhs/f8b7c80e-3fd1-11ed-b878-0242ac120032 HTTP/1.1" STATUS:400 1692.058 ms "-" "PostmanRuntime/7.29.2"
::1 - - [2022-11-22 15:18:34] "POST /api/v1/subject/uploadkhs/f8b7c80e-3fd1-11ed-b878-0242ac120032 HTTP/1.1" STATUS:400 1228.856 ms "-" "PostmanRuntime/7.29.2"
::1 - - [2022-11-22 15:18:52] "POST /api/v1/subject/uploadkhs/f8b7c80e-3fd1-11ed-b878-0242ac120032 HTTP/1.1" STATUS:400 1185.537 ms "-" "PostmanRuntime/7.29.2"
::1 - - [2022-11-22 15:19:20] "POST /api/v1/subject/uploadkhs/f8b7c80e-3fd1-11ed-b878-0242ac120032 HTTP/1.1" STATUS:400 1283.820 ms "-" "PostmanRuntime/7.29.2"
::1 - - [2022-11-22 15:20:04] "POST /api/v1/subject/uploadkhs/f8b7c80e-3fd1-11ed-b878-0242ac120032 HTTP/1.1" STATUS:400 1395.743 ms "-" "PostmanRuntime/7.29.2"
::1 - - [2022-11-22 15:20:29] "POST /api/v1/subject/uploadkhs/f8b7c80e-3fd1-11ed-b878-0242ac120032 HTTP/1.1" STATUS:400 1809.667 ms "-" "PostmanRuntime/7.29.2"
::1 - - [2022-11-22 15:21:23] "POST /api/v1/auth/login HTTP/1.1" STATUS:200 2456.756 ms "-" "PostmanRuntime/7.29.2"
::1 - - [2022-11-22 15:21:28] "POST /api/v1/subject/uploadkhs/f8b7c80e-3fd1-11ed-b878-0242ac120032 HTTP/1.1" STATUS:404 693.258 ms "-" "PostmanRuntime/7.29.2"
::1 - - [2022-11-22 15:21:41] "POST /api/v1/subject/uploadkhs/f8b7c80e-3fd1-11ed-b878-0242ac120032 HTTP/1.1" STATUS:404 1416.986 ms "-" "PostmanRuntime/7.29.2"
::1 - - [2022-11-22 15:21:58] "POST /api/v1/subject/uploadkhs/f8b7c80e-3fd1-11ed-b878-0242ac120032 HTTP/1.1" STATUS:404 996.024 ms "-" "PostmanRuntime/7.29.2"
::1 - - [2022-11-22 15:22:43] "POST /api/v1/subject/uploadkhs/f8b7c80e-3fd1-11ed-b878-0242ac120032 HTTP/1.1" STATUS:404 996.563 ms "-" "PostmanRuntime/7.29.2"
::1 - - [2022-11-22 15:23:26] "POST /api/v1/subject/uploadkhs/f8b7c80e-3fd1-11ed-b878-0242ac120032 HTTP/1.1" STATUS:500 976.325 ms "-" "PostmanRuntime/7.29.2"
::1 - - [2022-11-22 15:23:51] "POST /api/v1/subject/uploadkhs/f8b7c80e-3fd1-11ed-b878-0242ac120032 HTTP/1.1" STATUS:404 1118.083 ms "-" "PostmanRuntime/7.29.2"
::1 - - [2022-11-22 15:26:51] "POST /api/v1/auth/login HTTP/1.1" STATUS:200 2109.953 ms "-" "PostmanRuntime/7.29.2"
::1 - - [2022-11-22 15:28:00] "POST /api/v1/subject/uploadkhs/e50aa8e0-49f8-11ed-b878-0242ac120014 HTTP/1.1" STATUS:200 1334.572 ms "-" "PostmanRuntime/7.29.2"
::1 - - [2022-11-22 15:29:22] "GET /api/v1/quiz/pretest HTTP/1.1" STATUS:400 170.584 ms "-" "PostmanRuntime/7.29.2"
::1 - - [2022-11-22 16:10:01] "POST /api/v1/auth/login HTTP/1.1" STATUS:200 3147.805 ms "-" "PostmanRuntime/7.29.2"
::1 - - [2022-11-22 16:10:38] "GET /api/v1/session/getfromsub/e50aa8e0-49f8-11ed-b878-0242ac120011 HTTP/1.1" STATUS:404 816.807 ms "-" "PostmanRuntime/7.29.2"
::1 - - [2022-11-22 16:18:33] "GET /api/v1/session/getfromsub/e50aa8e0-49f8-11ed-b878-0242ac120005 HTTP/1.1" STATUS:200 2182.141 ms "-" "PostmanRuntime/7.29.2"
::1 - - [2022-11-22 16:19:29] "GET /api/v1/session/getfromsub/e50aa8e0-49f8-11ed-b878-0242ac120022 HTTP/1.1" STATUS:200 401.963 ms "-" "PostmanRuntime/7.29.2"
::1 - - [2022-11-22 16:23:33] "GET /api/v1/session/getfromsub/e50aa8e0-49f8-11ed-b878-0242ac120022 HTTP/1.1" STATUS:200 350.410 ms "-" "PostmanRuntime/7.29.2"
::1 - - [2022-11-22 16:24:39] "GET /api/v1/session/getfromsub/e50aa8e0-49f8-11ed-b878-0242ac120022 HTTP/1.1" STATUS:200 2108.757 ms "-" "PostmanRuntime/7.29.2"
::1 - - [2022-11-22 16:27:33] "GET /api/v1/session/getfromsub/e50aa8e0-49f8-11ed-b878-0242ac120022 HTTP/1.1" STATUS:200 1113.213 ms "-" "PostmanRuntime/7.29.2"
::1 - - [2022-11-22 16:27:56] "GET /api/v1/session/getfromsub/e50aa8e0-49f8-11ed-b878-0242ac120022 HTTP/1.1" STATUS:200 1126.315 ms "-" "PostmanRuntime/7.29.2"
::1 - - [2022-11-22 16:33:17] "GET /api/v1/session/getfromsub/e50aa8e0-49f8-11ed-b878-0242ac120022 HTTP/1.1" STATUS:500 1088.571 ms "-" "PostmanRuntime/7.29.2"
::1 - - [2022-11-22 16:33:48] "GET /api/v1/session/getfromsub/e50aa8e0-49f8-11ed-b878-0242ac120022 HTTP/1.1" STATUS:500 1092.255 ms "-" "PostmanRuntime/7.29.2"
::1 - - [2022-11-22 16:34:06] "GET /api/v1/session/getfromsub/e50aa8e0-49f8-11ed-b878-0242ac120022 HTTP/1.1" STATUS:200 1027.248 ms "-" "PostmanRuntime/7.29.2"
